2019-06-25 10:39:35,140 p=31816 u=root |   [WARNING]: Invalid characters were found in group names but not replaced, use -vvvv to see details

2019-06-25 10:39:35,385 p=31816 u=root |  ERROR! Syntax Error while loading YAML.
  did not find expected key

The error appears to be in '/cm/shared/apps/UpdateImages/Scenario/R/IDE/playbooks/UpdatePackages.yml': line 17, column 3, but may
be elsewhere in the file depending on the exact syntax problem.

The offending line appears to be:


  - name: Install R - RSTUDIO - 1.2.1335
  ^ here

2019-06-25 10:40:17,262 p=32045 u=root |   [WARNING]: Invalid characters were found in group names but not replaced, use -vvvv to see details

2019-06-25 10:40:17,428 p=32045 u=root |  ERROR! Syntax Error while loading YAML.
  did not find expected key

The error appears to be in '/cm/shared/apps/UpdateImages/Scenario/R/IDE/playbooks/UpdatePackages.yml': line 17, column 4, but may
be elsewhere in the file depending on the exact syntax problem.

The offending line appears to be:


   - name: Install R - RSTUDIO - 1.2.1335
   ^ here

2019-06-25 10:41:29,871 p=32190 u=root |   [WARNING]: Invalid characters were found in group names but not replaced, use -vvvv to see details

2019-06-25 10:41:30,269 p=32190 u=root |  PLAY [all] *******************************************************************************************************************************************************
2019-06-25 10:41:30,281 p=32190 u=root |  TASK [Gathering Facts] *******************************************************************************************************************************************
2019-06-25 10:41:33,792 p=32190 u=root |  ok: [xspl11s949w.cm.cluster]
2019-06-25 10:41:33,800 p=32190 u=root |  PLAY [CM-Tools-Server] *******************************************************************************************************************************************
2019-06-25 10:41:33,836 p=32190 u=root |  TASK [Gathering Facts] *******************************************************************************************************************************************
2019-06-25 10:41:35,869 p=32190 u=root |  ok: [xspl11s949w.cm.cluster]
2019-06-25 10:41:35,903 p=32190 u=root |  TASK [Install package for postgresql] ****************************************************************************************************************************
2019-06-25 10:41:37,625 p=32190 u=root |  ok: [xspl11s949w.cm.cluster]
2019-06-25 10:41:37,662 p=32190 u=root |  TASK [Install R - RSTUDIO - 1.2.1335] ****************************************************************************************************************************
2019-06-25 10:41:52,678 p=32190 u=root |   [ERROR]: User interrupted execution

2019-06-25 10:42:06,939 p=952 u=root |   [WARNING]: Invalid characters were found in group names but not replaced, use -vvvv to see details

2019-06-25 10:42:07,456 p=952 u=root |  PLAY [all] *******************************************************************************************************************************************************
2019-06-25 10:42:07,466 p=952 u=root |  TASK [Gathering Facts] *******************************************************************************************************************************************
2019-06-25 10:42:10,569 p=952 u=root |  ok: [xspl11s949w.cm.cluster]
2019-06-25 10:42:10,576 p=952 u=root |  PLAY [CM-Tools-Server] *******************************************************************************************************************************************
2019-06-25 10:42:10,612 p=952 u=root |  TASK [Gathering Facts] *******************************************************************************************************************************************
2019-06-25 10:42:12,566 p=952 u=root |  ok: [xspl11s949w.cm.cluster]
2019-06-25 10:42:12,600 p=952 u=root |  TASK [Remove Package lib postgresql] *****************************************************************************************************************************
2019-06-25 10:43:26,028 p=952 u=root |  changed: [xspl11s949w.cm.cluster]
2019-06-25 10:43:26,067 p=952 u=root |  TASK [Remove Package rstudio-server] *****************************************************************************************************************************
2019-06-25 10:43:45,686 p=952 u=root |  changed: [xspl11s949w.cm.cluster]
2019-06-25 10:43:45,696 p=952 u=root |  PLAY [CM-Tools-Server] *******************************************************************************************************************************************
2019-06-25 10:43:45,741 p=952 u=root |  TASK [Gathering Facts] *******************************************************************************************************************************************
2019-06-25 10:43:48,864 p=952 u=root |  ok: [xspl11s949w.cm.cluster]
2019-06-25 10:43:48,898 p=952 u=root |  TASK [Install package for postgresql] ****************************************************************************************************************************
2019-06-25 10:44:19,027 p=952 u=root |  changed: [xspl11s949w.cm.cluster]
2019-06-25 10:44:19,063 p=952 u=root |  TASK [Install R - RSTUDIO - 1.2.1335] ****************************************************************************************************************************
2019-06-25 10:45:27,366 p=952 u=root |  changed: [xspl11s949w.cm.cluster]
2019-06-25 10:45:27,377 p=952 u=root |  PLAY [CM-Tools-Server] *******************************************************************************************************************************************
2019-06-25 10:45:27,429 p=952 u=root |  TASK [Gathering Facts] *******************************************************************************************************************************************
2019-06-25 10:45:30,291 p=952 u=root |  ok: [xspl11s949w.cm.cluster]
2019-06-25 10:45:30,323 p=952 u=root |  TASK [Install R - WISE - 3.3.3] **********************************************************************************************************************************
2019-06-25 10:45:32,443 p=952 u=root |  ok: [xspl11s949w.cm.cluster]
2019-06-25 10:45:32,482 p=952 u=root |  TASK [Install R - WISE - 3.4.0] **********************************************************************************************************************************
2019-06-25 10:45:34,418 p=952 u=root |  ok: [xspl11s949w.cm.cluster]
2019-06-25 10:45:34,453 p=952 u=root |  TASK [Install R - WISE - 3.4.1] **********************************************************************************************************************************
2019-06-25 10:45:36,298 p=952 u=root |  ok: [xspl11s949w.cm.cluster]
2019-06-25 10:45:36,334 p=952 u=root |  TASK [Install R - WISE - 3.4.2] **********************************************************************************************************************************
2019-06-25 10:45:37,968 p=952 u=root |  ok: [xspl11s949w.cm.cluster]
2019-06-25 10:45:38,008 p=952 u=root |  TASK [Install R - WISE - 3.4.3] **********************************************************************************************************************************
2019-06-25 10:45:39,674 p=952 u=root |  ok: [xspl11s949w.cm.cluster]
2019-06-25 10:45:39,712 p=952 u=root |  TASK [Install R - WISE - 3.5.1] **********************************************************************************************************************************
2019-06-25 10:45:41,859 p=952 u=root |  ok: [xspl11s949w.cm.cluster]
2019-06-25 10:45:41,894 p=952 u=root |  TASK [Install R - WISE - 3.5.3] **********************************************************************************************************************************
2019-06-25 10:45:43,343 p=952 u=root |  ok: [xspl11s949w.cm.cluster]
2019-06-25 10:45:43,344 p=952 u=root |  PLAY RECAP *******************************************************************************************************************************************************
2019-06-25 10:45:43,345 p=952 u=root |  xspl11s949w.cm.cluster     : ok=15   changed=4    unreachable=0    failed=0    skipped=0    rescued=0    ignored=0   
2019-06-25 10:46:44,366 p=4768 u=root |   [WARNING]: Invalid characters were found in group names but not replaced, use -vvvv to see details

2019-06-25 10:46:44,991 p=4768 u=root |  PLAY [all] *******************************************************************************************************************************************************
2019-06-25 10:46:45,004 p=4768 u=root |  TASK [Gathering Facts] *******************************************************************************************************************************************
2019-06-25 10:46:48,621 p=4768 u=root |  ok: [xspl11s949w.cm.cluster]
2019-06-25 10:46:48,627 p=4768 u=root |  PLAY [CM-Tools-Server] *******************************************************************************************************************************************
2019-06-25 10:46:48,663 p=4768 u=root |  TASK [Gathering Facts] *******************************************************************************************************************************************
2019-06-25 10:46:50,628 p=4768 u=root |  ok: [xspl11s949w.cm.cluster]
2019-06-25 10:46:50,661 p=4768 u=root |  TASK [Remove Package lib postgresql] *****************************************************************************************************************************
2019-06-25 10:47:09,894 p=4768 u=root |  changed: [xspl11s949w.cm.cluster]
2019-06-25 10:47:09,932 p=4768 u=root |  TASK [Remove Package rstudio-server] *****************************************************************************************************************************
2019-06-25 10:47:25,065 p=4768 u=root |  changed: [xspl11s949w.cm.cluster]
2019-06-25 10:47:25,075 p=4768 u=root |  PLAY [CM-Tools-Server] *******************************************************************************************************************************************
2019-06-25 10:47:25,123 p=4768 u=root |  TASK [Gathering Facts] *******************************************************************************************************************************************
2019-06-25 10:47:28,154 p=4768 u=root |  ok: [xspl11s949w.cm.cluster]
2019-06-25 10:47:28,198 p=4768 u=root |  TASK [Install package for postgresql] ****************************************************************************************************************************
2019-06-25 10:47:54,790 p=4768 u=root |  changed: [xspl11s949w.cm.cluster]
2019-06-25 10:47:54,827 p=4768 u=root |  TASK [Install R - RSTUDIO - 1.2.1335] ****************************************************************************************************************************
2019-06-25 10:48:56,012 p=4768 u=root |  changed: [xspl11s949w.cm.cluster]
2019-06-25 10:48:56,018 p=4768 u=root |  PLAY [CM-Tools-Server] *******************************************************************************************************************************************
2019-06-25 10:48:56,053 p=4768 u=root |  TASK [Gathering Facts] *******************************************************************************************************************************************
2019-06-25 10:48:58,476 p=4768 u=root |  ok: [xspl11s949w.cm.cluster]
2019-06-25 10:48:58,510 p=4768 u=root |  TASK [Install R - WISE - 3.3.3] **********************************************************************************************************************************
2019-06-25 10:49:00,353 p=4768 u=root |  ok: [xspl11s949w.cm.cluster]
2019-06-25 10:49:00,428 p=4768 u=root |  TASK [Install R - WISE - 3.4.0] **********************************************************************************************************************************
2019-06-25 10:49:02,754 p=4768 u=root |  ok: [xspl11s949w.cm.cluster]
2019-06-25 10:49:02,798 p=4768 u=root |  TASK [Install R - WISE - 3.4.1] **********************************************************************************************************************************
2019-06-25 10:49:05,439 p=4768 u=root |  ok: [xspl11s949w.cm.cluster]
2019-06-25 10:49:05,487 p=4768 u=root |  TASK [Install R - WISE - 3.4.2] **********************************************************************************************************************************
2019-06-25 10:49:07,496 p=4768 u=root |  ok: [xspl11s949w.cm.cluster]
2019-06-25 10:49:07,548 p=4768 u=root |  TASK [Install R - WISE - 3.4.3] **********************************************************************************************************************************
2019-06-25 10:49:09,452 p=4768 u=root |  ok: [xspl11s949w.cm.cluster]
2019-06-25 10:49:09,489 p=4768 u=root |  TASK [Install R - WISE - 3.5.1] **********************************************************************************************************************************
2019-06-25 10:49:11,090 p=4768 u=root |  ok: [xspl11s949w.cm.cluster]
2019-06-25 10:49:11,128 p=4768 u=root |  TASK [Install R - WISE - 3.5.3] **********************************************************************************************************************************
2019-06-25 10:49:12,615 p=4768 u=root |  ok: [xspl11s949w.cm.cluster]
2019-06-25 10:49:12,617 p=4768 u=root |  PLAY RECAP *******************************************************************************************************************************************************
2019-06-25 10:49:12,619 p=4768 u=root |  xspl11s949w.cm.cluster     : ok=15   changed=4    unreachable=0    failed=0    skipped=0    rescued=0    ignored=0   
2019-06-25 10:51:50,540 p=8552 u=root |   [WARNING]: Invalid characters were found in group names but not replaced, use -vvvv to see details

2019-06-25 10:51:50,990 p=8552 u=root |  PLAY [all] *******************************************************************************************************************************************************
2019-06-25 10:51:51,000 p=8552 u=root |  TASK [Gathering Facts] *******************************************************************************************************************************************
2019-06-25 10:51:53,912 p=8552 u=root |  ok: [xspl11s949w.cm.cluster]
2019-06-25 10:51:53,918 p=8552 u=root |  PLAY [CM-Tools-Server] *******************************************************************************************************************************************
2019-06-25 10:51:53,953 p=8552 u=root |  TASK [Gathering Facts] *******************************************************************************************************************************************
2019-06-25 10:51:55,900 p=8552 u=root |  ok: [xspl11s949w.cm.cluster]
2019-06-25 10:51:55,933 p=8552 u=root |  TASK [Remove Package lib postgresql] *****************************************************************************************************************************
2019-06-25 10:52:12,484 p=8552 u=root |  changed: [xspl11s949w.cm.cluster]
2019-06-25 10:52:12,522 p=8552 u=root |  TASK [Remove Package rstudio-server] *****************************************************************************************************************************
2019-06-25 10:52:40,566 p=8552 u=root |  changed: [xspl11s949w.cm.cluster]
2019-06-25 10:52:40,581 p=8552 u=root |  PLAY [CM-Tools-Server] *******************************************************************************************************************************************
2019-06-25 10:52:40,697 p=8552 u=root |  TASK [Gathering Facts] *******************************************************************************************************************************************
2019-06-25 10:52:43,522 p=8552 u=root |  ok: [xspl11s949w.cm.cluster]
2019-06-25 10:52:43,555 p=8552 u=root |  TASK [Install package for postgresql] ****************************************************************************************************************************
2019-06-25 10:53:12,732 p=8552 u=root |  changed: [xspl11s949w.cm.cluster]
2019-06-25 10:53:12,769 p=8552 u=root |  TASK [Install R - RSTUDIO - 1.2.1335] ****************************************************************************************************************************
2019-06-25 10:53:48,937 p=8552 u=root |  changed: [xspl11s949w.cm.cluster]
2019-06-25 10:53:48,945 p=8552 u=root |  PLAY [CM-Tools-Server] *******************************************************************************************************************************************
2019-06-25 10:53:48,980 p=8552 u=root |  TASK [Gathering Facts] *******************************************************************************************************************************************
2019-06-25 10:53:51,545 p=8552 u=root |  ok: [xspl11s949w.cm.cluster]
2019-06-25 10:53:51,578 p=8552 u=root |  TASK [Install R - WISE - 3.3.3] **********************************************************************************************************************************
2019-06-25 10:53:53,686 p=8552 u=root |  ok: [xspl11s949w.cm.cluster]
2019-06-25 10:53:53,724 p=8552 u=root |  TASK [Install R - WISE - 3.4.0] **********************************************************************************************************************************
2019-06-25 10:53:55,611 p=8552 u=root |  ok: [xspl11s949w.cm.cluster]
2019-06-25 10:53:55,647 p=8552 u=root |  TASK [Install R - WISE - 3.4.1] **********************************************************************************************************************************
2019-06-25 10:53:57,522 p=8552 u=root |  ok: [xspl11s949w.cm.cluster]
2019-06-25 10:53:57,558 p=8552 u=root |  TASK [Install R - WISE - 3.4.2] **********************************************************************************************************************************
2019-06-25 10:53:59,468 p=8552 u=root |  ok: [xspl11s949w.cm.cluster]
2019-06-25 10:53:59,507 p=8552 u=root |  TASK [Install R - WISE - 3.4.3] **********************************************************************************************************************************
2019-06-25 10:54:02,863 p=8552 u=root |  ok: [xspl11s949w.cm.cluster]
2019-06-25 10:54:02,938 p=8552 u=root |  TASK [Install R - WISE - 3.5.1] **********************************************************************************************************************************
2019-06-25 10:54:05,778 p=8552 u=root |  ok: [xspl11s949w.cm.cluster]
2019-06-25 10:54:05,852 p=8552 u=root |  TASK [Install R - WISE - 3.5.3] **********************************************************************************************************************************
2019-06-25 10:54:07,883 p=8552 u=root |  ok: [xspl11s949w.cm.cluster]
2019-06-25 10:54:07,885 p=8552 u=root |  PLAY RECAP *******************************************************************************************************************************************************
2019-06-25 10:54:07,886 p=8552 u=root |  xspl11s949w.cm.cluster     : ok=15   changed=4    unreachable=0    failed=0    skipped=0    rescued=0    ignored=0   
2019-07-02 11:45:05,036 p=30657 u=root |   [WARNING]: Invalid characters were found in group names but not replaced, use -vvvv to see details

2019-07-02 11:45:06,084 p=30657 u=root |  PLAY [all] *******************************************************************************************************************************************************
2019-07-02 11:45:06,098 p=30657 u=root |  TASK [Gathering Facts] *******************************************************************************************************************************************
2019-07-02 11:45:10,479 p=30657 u=root |  ok: [xspl11s949w.cm.cluster]
2019-07-02 11:45:10,485 p=30657 u=root |  PLAY [CM-Tools-Server] *******************************************************************************************************************************************
2019-07-02 11:45:10,521 p=30657 u=root |  TASK [Gathering Facts] *******************************************************************************************************************************************
2019-07-02 11:45:12,397 p=30657 u=root |  ok: [xspl11s949w.cm.cluster]
2019-07-02 11:45:12,430 p=30657 u=root |  TASK [Remove Package lib postgresql] *****************************************************************************************************************************
2019-07-02 11:46:59,915 p=30657 u=root |  changed: [xspl11s949w.cm.cluster]
2019-07-02 11:46:59,953 p=30657 u=root |  TASK [Remove Package rstudio-server] *****************************************************************************************************************************
2019-07-02 11:47:30,692 p=30657 u=root |  changed: [xspl11s949w.cm.cluster]
2019-07-02 11:47:30,699 p=30657 u=root |  PLAY [CM-Tools-Server] *******************************************************************************************************************************************
2019-07-02 11:47:30,733 p=30657 u=root |  TASK [Gathering Facts] *******************************************************************************************************************************************
2019-07-02 11:47:33,089 p=30657 u=root |  ok: [xspl11s949w.cm.cluster]
2019-07-02 11:47:33,124 p=30657 u=root |  TASK [Install package for postgresql] ****************************************************************************************************************************
2019-07-02 11:48:04,364 p=30657 u=root |  changed: [xspl11s949w.cm.cluster]
2019-07-02 11:48:04,399 p=30657 u=root |  TASK [Install R - RSTUDIO - 1.2.1335] ****************************************************************************************************************************
2019-07-02 11:49:17,234 p=30657 u=root |  changed: [xspl11s949w.cm.cluster]
2019-07-02 11:49:17,241 p=30657 u=root |  PLAY [CM-Tools-Server] *******************************************************************************************************************************************
2019-07-02 11:49:17,275 p=30657 u=root |  TASK [Gathering Facts] *******************************************************************************************************************************************
2019-07-02 11:49:20,524 p=30657 u=root |  ok: [xspl11s949w.cm.cluster]
2019-07-02 11:49:20,575 p=30657 u=root |  TASK [Install R - WISE - 3.3.3] **********************************************************************************************************************************
2019-07-02 11:49:23,267 p=30657 u=root |  ok: [xspl11s949w.cm.cluster]
2019-07-02 11:49:23,317 p=30657 u=root |  TASK [Install R - WISE - 3.4.0] **********************************************************************************************************************************
2019-07-02 11:49:26,710 p=30657 u=root |  ok: [xspl11s949w.cm.cluster]
2019-07-02 11:49:26,757 p=30657 u=root |  TASK [Install R - WISE - 3.4.1] **********************************************************************************************************************************
2019-07-02 11:49:29,285 p=30657 u=root |  ok: [xspl11s949w.cm.cluster]
2019-07-02 11:49:29,337 p=30657 u=root |  TASK [Install R - WISE - 3.4.2] **********************************************************************************************************************************
2019-07-02 11:49:31,975 p=30657 u=root |  ok: [xspl11s949w.cm.cluster]
2019-07-02 11:49:32,015 p=30657 u=root |  TASK [Install R - WISE - 3.4.3] **********************************************************************************************************************************
2019-07-02 11:49:34,443 p=30657 u=root |  ok: [xspl11s949w.cm.cluster]
2019-07-02 11:49:34,481 p=30657 u=root |  TASK [Install R - WISE - 3.5.1] **********************************************************************************************************************************
2019-07-02 11:49:36,777 p=30657 u=root |  ok: [xspl11s949w.cm.cluster]
2019-07-02 11:49:36,813 p=30657 u=root |  TASK [Install R - WISE - 3.5.3] **********************************************************************************************************************************
2019-07-02 11:49:38,882 p=30657 u=root |  ok: [xspl11s949w.cm.cluster]
2019-07-02 11:49:38,884 p=30657 u=root |  PLAY RECAP *******************************************************************************************************************************************************
2019-07-02 11:49:38,884 p=30657 u=root |  xspl11s949w.cm.cluster     : ok=15   changed=4    unreachable=0    failed=0    skipped=0    rescued=0    ignored=0   
2019-07-02 12:20:44,318 p=7533 u=root |   [WARNING]: Invalid characters were found in group names but not replaced, use -vvvv to see details

2019-07-02 12:20:44,861 p=7533 u=root |  PLAY [all] *******************************************************************************************************************************************************
2019-07-02 12:20:44,895 p=7533 u=root |  TASK [Gathering Facts] *******************************************************************************************************************************************
2019-07-02 12:20:48,428 p=7533 u=root |  ok: [xspl11s949w.cm.cluster]
2019-07-02 12:20:48,434 p=7533 u=root |  PLAY [CM-Tools-Server] *******************************************************************************************************************************************
2019-07-02 12:20:48,469 p=7533 u=root |  TASK [Gathering Facts] *******************************************************************************************************************************************
2019-07-02 12:20:50,345 p=7533 u=root |  ok: [xspl11s949w.cm.cluster]
2019-07-02 12:20:50,377 p=7533 u=root |  TASK [Remove Package lib postgresql] *****************************************************************************************************************************
2019-07-02 12:20:52,461 p=7533 u=root |   [ERROR]: User interrupted execution

2019-07-02 12:21:46,187 p=8641 u=root |   [WARNING]: Invalid characters were found in group names but not replaced, use -vvvv to see details

2019-07-02 12:21:46,675 p=8641 u=root |  PLAY [all] *******************************************************************************************************************************************************
2019-07-02 12:21:46,688 p=8641 u=root |  TASK [Gathering Facts] *******************************************************************************************************************************************
2019-07-02 12:21:50,571 p=8641 u=root |  ok: [xspl11s949w.cm.cluster]
2019-07-02 12:21:50,577 p=8641 u=root |  PLAY [CM-Tools-Server] *******************************************************************************************************************************************
2019-07-02 12:21:50,614 p=8641 u=root |  TASK [Gathering Facts] *******************************************************************************************************************************************
2019-07-02 12:21:53,222 p=8641 u=root |  ok: [xspl11s949w.cm.cluster]
2019-07-02 12:21:53,257 p=8641 u=root |  TASK [Remove Package lib postgresql] *****************************************************************************************************************************
2019-07-02 12:22:13,888 p=8641 u=root |  changed: [xspl11s949w.cm.cluster]
2019-07-02 12:22:13,926 p=8641 u=root |  TASK [Remove Package rstudio-server] *****************************************************************************************************************************
2019-07-02 12:23:07,616 p=8641 u=root |  changed: [xspl11s949w.cm.cluster]
2019-07-02 12:23:07,624 p=8641 u=root |  PLAY [CM-Tools-Server] *******************************************************************************************************************************************
2019-07-02 12:23:07,671 p=8641 u=root |  TASK [Gathering Facts] *******************************************************************************************************************************************
2019-07-02 12:23:10,529 p=8641 u=root |  ok: [xspl11s949w.cm.cluster]
2019-07-02 12:23:10,563 p=8641 u=root |  TASK [Install package for postgresql] ****************************************************************************************************************************
2019-07-02 12:23:41,027 p=8641 u=root |  changed: [xspl11s949w.cm.cluster]
2019-07-02 12:23:41,079 p=8641 u=root |  TASK [Install R - RSTUDIO - 1.2.1335] ****************************************************************************************************************************
2019-07-02 12:24:17,960 p=8641 u=root |  changed: [xspl11s949w.cm.cluster]
2019-07-02 12:24:17,997 p=8641 u=root |  TASK [Copy file /etc/pam.d/rstudio] ******************************************************************************************************************************
2019-07-02 12:24:18,095 p=8641 u=root |  An exception occurred during task execution. To see the full traceback, use -vvv. The error was: If you are using a module and expect the file to exist on the remote, see the remote_src option
2019-07-02 12:24:18,095 p=8641 u=root |  fatal: [xspl11s949w.cm.cluster]: FAILED! => {"changed": false, "msg": "Could not find or access './src/pam.d/rstudio'\nSearched in:\n\t/cm/shared/apps/UpdateImages/Scenario/R/IDE/playbooks/files/./src/pam.d/rstudio\n\t/cm/shared/apps/UpdateImages/Scenario/R/IDE/playbooks/./src/pam.d/rstudio\n\t/cm/shared/apps/UpdateImages/Scenario/R/IDE/playbooks/files/./src/pam.d/rstudio\n\t/cm/shared/apps/UpdateImages/Scenario/R/IDE/playbooks/./src/pam.d/rstudio on the Ansible Controller.\nIf you are using a module and expect the file to exist on the remote, see the remote_src option"}
2019-07-02 12:24:18,096 p=8641 u=root |  PLAY RECAP *******************************************************************************************************************************************************
2019-07-02 12:24:18,097 p=8641 u=root |  xspl11s949w.cm.cluster     : ok=7    changed=4    unreachable=0    failed=1    skipped=0    rescued=0    ignored=0   
2019-07-02 12:30:07,519 p=11911 u=root |   [WARNING]: Invalid characters were found in group names but not replaced, use -vvvv to see details

2019-07-02 12:30:07,990 p=11911 u=root |  PLAY [all] *******************************************************************************************************************************************************
2019-07-02 12:30:08,003 p=11911 u=root |  TASK [Gathering Facts] *******************************************************************************************************************************************
2019-07-02 12:30:11,840 p=11911 u=root |  ok: [xspl11s949w.cm.cluster]
2019-07-02 12:30:11,846 p=11911 u=root |  PLAY [CM-Tools-Server] *******************************************************************************************************************************************
2019-07-02 12:30:11,881 p=11911 u=root |  TASK [Gathering Facts] *******************************************************************************************************************************************
2019-07-02 12:30:13,722 p=11911 u=root |  ok: [xspl11s949w.cm.cluster]
2019-07-02 12:30:13,757 p=11911 u=root |  TASK [Remove Package lib postgresql] *****************************************************************************************************************************
2019-07-02 12:30:30,427 p=11911 u=root |  changed: [xspl11s949w.cm.cluster]
2019-07-02 12:30:30,473 p=11911 u=root |  TASK [Remove Package rstudio-server] *****************************************************************************************************************************
2019-07-02 12:30:44,287 p=11911 u=root |  changed: [xspl11s949w.cm.cluster]
2019-07-02 12:30:44,296 p=11911 u=root |  PLAY [CM-Tools-Server] *******************************************************************************************************************************************
2019-07-02 12:30:44,363 p=11911 u=root |  TASK [Gathering Facts] *******************************************************************************************************************************************
2019-07-02 12:30:47,538 p=11911 u=root |  ok: [xspl11s949w.cm.cluster]
2019-07-02 12:30:47,587 p=11911 u=root |  TASK [Install package for postgresql] ****************************************************************************************************************************
2019-07-02 12:31:15,190 p=11911 u=root |  changed: [xspl11s949w.cm.cluster]
2019-07-02 12:31:15,227 p=11911 u=root |  TASK [Install R - RSTUDIO - 1.2.1335] ****************************************************************************************************************************
2019-07-02 12:31:51,971 p=11911 u=root |  changed: [xspl11s949w.cm.cluster]
2019-07-02 12:31:52,008 p=11911 u=root |  TASK [Copy file /etc/pam.d/rstudio] ******************************************************************************************************************************
2019-07-02 12:31:52,112 p=11911 u=root |  An exception occurred during task execution. To see the full traceback, use -vvv. The error was: If you are using a module and expect the file to exist on the remote, see the remote_src option
2019-07-02 12:31:52,113 p=11911 u=root |  fatal: [xspl11s949w.cm.cluster]: FAILED! => {"changed": false, "msg": "Could not find or access './src/pam.d/rstudio'\nSearched in:\n\t/cm/shared/apps/UpdateImages/Scenario/R/IDE/playbooks/files/./src/pam.d/rstudio\n\t/cm/shared/apps/UpdateImages/Scenario/R/IDE/playbooks/./src/pam.d/rstudio\n\t/cm/shared/apps/UpdateImages/Scenario/R/IDE/playbooks/files/./src/pam.d/rstudio\n\t/cm/shared/apps/UpdateImages/Scenario/R/IDE/playbooks/./src/pam.d/rstudio on the Ansible Controller.\nIf you are using a module and expect the file to exist on the remote, see the remote_src option"}
2019-07-02 12:31:52,114 p=11911 u=root |  PLAY RECAP *******************************************************************************************************************************************************
2019-07-02 12:31:52,114 p=11911 u=root |  xspl11s949w.cm.cluster     : ok=7    changed=4    unreachable=0    failed=1    skipped=0    rescued=0    ignored=0   
2019-07-02 12:32:40,992 p=14139 u=root |   [WARNING]: Invalid characters were found in group names but not replaced, use -vvvv to see details

2019-07-02 12:32:41,545 p=14139 u=root |  PLAY [all] *******************************************************************************************************************************************************
2019-07-02 12:32:41,559 p=14139 u=root |  TASK [Gathering Facts] *******************************************************************************************************************************************
2019-07-02 12:32:46,157 p=14139 u=root |  ok: [xspl11s949w.cm.cluster]
2019-07-02 12:32:46,166 p=14139 u=root |  PLAY [CM-Tools-Server] *******************************************************************************************************************************************
2019-07-02 12:32:46,211 p=14139 u=root |  TASK [Gathering Facts] *******************************************************************************************************************************************
2019-07-02 12:32:48,705 p=14139 u=root |  ok: [xspl11s949w.cm.cluster]
2019-07-02 12:32:48,750 p=14139 u=root |  TASK [Remove Package lib postgresql] *****************************************************************************************************************************
2019-07-02 12:33:03,976 p=14139 u=root |  changed: [xspl11s949w.cm.cluster]
2019-07-02 12:33:04,014 p=14139 u=root |  TASK [Remove Package rstudio-server] *****************************************************************************************************************************
2019-07-02 12:33:26,798 p=14139 u=root |  changed: [xspl11s949w.cm.cluster]
2019-07-02 12:33:26,806 p=14139 u=root |  PLAY [CM-Tools-Server] *******************************************************************************************************************************************
2019-07-02 12:33:26,848 p=14139 u=root |  TASK [Gathering Facts] *******************************************************************************************************************************************
2019-07-02 12:33:29,570 p=14139 u=root |  ok: [xspl11s949w.cm.cluster]
2019-07-02 12:33:29,613 p=14139 u=root |  TASK [Install package for postgresql] ****************************************************************************************************************************
2019-07-02 12:33:58,889 p=14139 u=root |  changed: [xspl11s949w.cm.cluster]
2019-07-02 12:33:58,927 p=14139 u=root |  TASK [Install R - RSTUDIO - 1.2.1335] ****************************************************************************************************************************
2019-07-02 12:34:58,198 p=14139 u=root |  changed: [xspl11s949w.cm.cluster]
2019-07-02 12:34:58,235 p=14139 u=root |  TASK [Copy file /etc/pam.d/rstudio] ******************************************************************************************************************************
2019-07-02 12:34:59,616 p=14139 u=root |  changed: [xspl11s949w.cm.cluster]
2019-07-02 12:34:59,628 p=14139 u=root |  PLAY [CM-Tools-Server] *******************************************************************************************************************************************
2019-07-02 12:34:59,663 p=14139 u=root |  TASK [Gathering Facts] *******************************************************************************************************************************************
2019-07-02 12:35:02,683 p=14139 u=root |  ok: [xspl11s949w.cm.cluster]
2019-07-02 12:35:02,729 p=14139 u=root |  TASK [Install R - WISE - 3.3.3] **********************************************************************************************************************************
2019-07-02 12:35:05,288 p=14139 u=root |  ok: [xspl11s949w.cm.cluster]
2019-07-02 12:35:05,333 p=14139 u=root |  TASK [Install R - WISE - 3.4.0] **********************************************************************************************************************************
2019-07-02 12:35:07,413 p=14139 u=root |  ok: [xspl11s949w.cm.cluster]
2019-07-02 12:35:07,460 p=14139 u=root |  TASK [Install R - WISE - 3.4.1] **********************************************************************************************************************************
2019-07-02 12:35:09,632 p=14139 u=root |  ok: [xspl11s949w.cm.cluster]
2019-07-02 12:35:09,682 p=14139 u=root |  TASK [Install R - WISE - 3.4.2] **********************************************************************************************************************************
2019-07-02 12:35:11,441 p=14139 u=root |  ok: [xspl11s949w.cm.cluster]
2019-07-02 12:35:11,481 p=14139 u=root |  TASK [Install R - WISE - 3.4.3] **********************************************************************************************************************************
2019-07-02 12:35:13,149 p=14139 u=root |  ok: [xspl11s949w.cm.cluster]
2019-07-02 12:35:13,186 p=14139 u=root |  TASK [Install R - WISE - 3.5.1] **********************************************************************************************************************************
2019-07-02 12:35:14,992 p=14139 u=root |  ok: [xspl11s949w.cm.cluster]
2019-07-02 12:35:15,028 p=14139 u=root |  TASK [Install R - WISE - 3.5.3] **********************************************************************************************************************************
2019-07-02 12:35:16,676 p=14139 u=root |  ok: [xspl11s949w.cm.cluster]
2019-07-02 12:35:16,678 p=14139 u=root |  PLAY RECAP *******************************************************************************************************************************************************
2019-07-02 12:35:16,678 p=14139 u=root |  xspl11s949w.cm.cluster     : ok=16   changed=5    unreachable=0    failed=0    skipped=0    rescued=0    ignored=0   
2019-07-02 12:37:24,540 p=18182 u=root |   [WARNING]: Invalid characters were found in group names but not replaced, use -vvvv to see details

2019-07-02 12:37:25,095 p=18182 u=root |  PLAY [all] *******************************************************************************************************************************************************
2019-07-02 12:37:25,110 p=18182 u=root |  TASK [Gathering Facts] *******************************************************************************************************************************************
2019-07-02 12:37:29,140 p=18182 u=root |  ok: [xspl11s949w.cm.cluster]
2019-07-02 12:37:29,152 p=18182 u=root |  PLAY [CM-Tools-Server] *******************************************************************************************************************************************
2019-07-02 12:37:29,200 p=18182 u=root |  TASK [Gathering Facts] *******************************************************************************************************************************************
2019-07-02 12:37:31,367 p=18182 u=root |  ok: [xspl11s949w.cm.cluster]
2019-07-02 12:37:31,401 p=18182 u=root |  TASK [Remove Package lib postgresql] *****************************************************************************************************************************
2019-07-02 12:37:44,762 p=18182 u=root |  changed: [xspl11s949w.cm.cluster]
2019-07-02 12:37:44,843 p=18182 u=root |  TASK [Remove Package rstudio-server] *****************************************************************************************************************************
2019-07-02 12:37:57,770 p=18182 u=root |  changed: [xspl11s949w.cm.cluster]
2019-07-02 12:37:57,776 p=18182 u=root |  PLAY [CM-Tools-Server] *******************************************************************************************************************************************
2019-07-02 12:37:57,809 p=18182 u=root |  TASK [Gathering Facts] *******************************************************************************************************************************************
2019-07-02 12:38:00,652 p=18182 u=root |  ok: [xspl11s949w.cm.cluster]
2019-07-02 12:38:00,838 p=18182 u=root |  TASK [Install package for postgresql] ****************************************************************************************************************************
2019-07-02 12:38:44,613 p=18182 u=root |  changed: [xspl11s949w.cm.cluster]
2019-07-02 12:38:44,716 p=18182 u=root |  TASK [Install R - RSTUDIO - 1.2.1335] ****************************************************************************************************************************
2019-07-02 12:39:21,971 p=18182 u=root |  changed: [xspl11s949w.cm.cluster]
2019-07-02 12:39:22,006 p=18182 u=root |  TASK [Copy file /etc/pam.d/rstudio] ******************************************************************************************************************************
2019-07-02 12:39:22,972 p=18182 u=root |  changed: [xspl11s949w.cm.cluster]
2019-07-02 12:39:22,981 p=18182 u=root |  PLAY [CM-Tools-Server] *******************************************************************************************************************************************
2019-07-02 12:39:23,016 p=18182 u=root |  TASK [Gathering Facts] *******************************************************************************************************************************************
2019-07-02 12:39:25,623 p=18182 u=root |  ok: [xspl11s949w.cm.cluster]
2019-07-02 12:39:25,656 p=18182 u=root |  TASK [Install R - WISE - 3.3.3] **********************************************************************************************************************************
2019-07-02 12:39:27,331 p=18182 u=root |  ok: [xspl11s949w.cm.cluster]
2019-07-02 12:39:27,368 p=18182 u=root |  TASK [Install R - WISE - 3.4.0] **********************************************************************************************************************************
2019-07-02 12:39:29,138 p=18182 u=root |  ok: [xspl11s949w.cm.cluster]
2019-07-02 12:39:29,174 p=18182 u=root |  TASK [Install R - WISE - 3.4.1] **********************************************************************************************************************************
2019-07-02 12:39:30,868 p=18182 u=root |  ok: [xspl11s949w.cm.cluster]
2019-07-02 12:39:30,903 p=18182 u=root |  TASK [Install R - WISE - 3.4.2] **********************************************************************************************************************************
2019-07-02 12:39:32,604 p=18182 u=root |  ok: [xspl11s949w.cm.cluster]
2019-07-02 12:39:32,644 p=18182 u=root |  TASK [Install R - WISE - 3.4.3] **********************************************************************************************************************************
2019-07-02 12:39:34,354 p=18182 u=root |  ok: [xspl11s949w.cm.cluster]
2019-07-02 12:39:34,388 p=18182 u=root |  TASK [Install R - WISE - 3.5.1] **********************************************************************************************************************************
2019-07-02 12:39:36,088 p=18182 u=root |  ok: [xspl11s949w.cm.cluster]
2019-07-02 12:39:36,126 p=18182 u=root |  TASK [Install R - WISE - 3.5.3] **********************************************************************************************************************************
2019-07-02 12:39:37,698 p=18182 u=root |  ok: [xspl11s949w.cm.cluster]
2019-07-02 12:39:37,700 p=18182 u=root |  PLAY RECAP *******************************************************************************************************************************************************
2019-07-02 12:39:37,701 p=18182 u=root |  xspl11s949w.cm.cluster     : ok=16   changed=5    unreachable=0    failed=0    skipped=0    rescued=0    ignored=0   
2019-07-02 14:31:26,108 p=11077 u=root |   [WARNING]: Invalid characters were found in group names but not replaced, use -vvvv to see details

2019-07-02 14:31:26,851 p=11077 u=root |  PLAY [all] *******************************************************************************************************************************************************
2019-07-02 14:31:26,864 p=11077 u=root |  TASK [Gathering Facts] *******************************************************************************************************************************************
2019-07-02 14:31:31,097 p=11077 u=root |  ok: [xspl11s949w.cm.cluster]
2019-07-02 14:31:31,104 p=11077 u=root |  PLAY [CM-Tools-Server] *******************************************************************************************************************************************
2019-07-02 14:31:31,139 p=11077 u=root |  TASK [Gathering Facts] *******************************************************************************************************************************************
2019-07-02 14:31:33,071 p=11077 u=root |  ok: [xspl11s949w.cm.cluster]
2019-07-02 14:31:33,105 p=11077 u=root |  TASK [Remove Package lib postgresql] *****************************************************************************************************************************
2019-07-02 14:33:28,930 p=11077 u=root |  changed: [xspl11s949w.cm.cluster]
2019-07-02 14:33:28,982 p=11077 u=root |  TASK [Remove Package rstudio-server] *****************************************************************************************************************************
2019-07-02 14:33:58,226 p=11077 u=root |  changed: [xspl11s949w.cm.cluster]
2019-07-02 14:33:58,232 p=11077 u=root |  PLAY [CM-Tools-Server] *******************************************************************************************************************************************
2019-07-02 14:33:58,265 p=11077 u=root |  TASK [Gathering Facts] *******************************************************************************************************************************************
2019-07-02 14:34:01,522 p=11077 u=root |  ok: [xspl11s949w.cm.cluster]
2019-07-02 14:34:01,565 p=11077 u=root |  TASK [Install package for postgresql] ****************************************************************************************************************************
2019-07-02 14:34:57,265 p=11077 u=root |  changed: [xspl11s949w.cm.cluster]
2019-07-02 14:34:57,301 p=11077 u=root |  TASK [Install R - RSTUDIO - 1.2.1335] ****************************************************************************************************************************
2019-07-02 14:35:35,928 p=11077 u=root |  changed: [xspl11s949w.cm.cluster]
2019-07-02 14:35:35,964 p=11077 u=root |  TASK [Copy file /etc/pam.d/rstudio] ******************************************************************************************************************************
2019-07-02 14:35:37,157 p=11077 u=root |  changed: [xspl11s949w.cm.cluster]
2019-07-02 14:35:37,168 p=11077 u=root |  PLAY [CM-Tools-Server] *******************************************************************************************************************************************
2019-07-02 14:35:37,203 p=11077 u=root |  TASK [Gathering Facts] *******************************************************************************************************************************************
2019-07-02 14:35:39,582 p=11077 u=root |  ok: [xspl11s949w.cm.cluster]
2019-07-02 14:35:39,617 p=11077 u=root |  TASK [Install R - WISE - 3.3.3] **********************************************************************************************************************************
2019-07-02 14:35:41,865 p=11077 u=root |  ok: [xspl11s949w.cm.cluster]
2019-07-02 14:35:41,901 p=11077 u=root |  TASK [Install R - WISE - 3.4.0] **********************************************************************************************************************************
2019-07-02 14:35:43,783 p=11077 u=root |  ok: [xspl11s949w.cm.cluster]
2019-07-02 14:35:43,817 p=11077 u=root |  TASK [Install R - WISE - 3.4.1] **********************************************************************************************************************************
2019-07-02 14:35:45,820 p=11077 u=root |  ok: [xspl11s949w.cm.cluster]
2019-07-02 14:35:45,873 p=11077 u=root |  TASK [Install R - WISE - 3.4.2] **********************************************************************************************************************************
2019-07-02 14:35:47,724 p=11077 u=root |  ok: [xspl11s949w.cm.cluster]
2019-07-02 14:35:47,765 p=11077 u=root |  TASK [Install R - WISE - 3.4.3] **********************************************************************************************************************************
2019-07-02 14:35:49,530 p=11077 u=root |  ok: [xspl11s949w.cm.cluster]
2019-07-02 14:35:49,565 p=11077 u=root |  TASK [Install R - WISE - 3.5.1] **********************************************************************************************************************************
2019-07-02 14:35:51,754 p=11077 u=root |  ok: [xspl11s949w.cm.cluster]
2019-07-02 14:35:51,791 p=11077 u=root |  TASK [Install R - WISE - 3.5.3] **********************************************************************************************************************************
2019-07-02 14:35:53,409 p=11077 u=root |  ok: [xspl11s949w.cm.cluster]
2019-07-02 14:35:53,411 p=11077 u=root |  PLAY RECAP *******************************************************************************************************************************************************
2019-07-02 14:35:53,412 p=11077 u=root |  xspl11s949w.cm.cluster     : ok=16   changed=5    unreachable=0    failed=0    skipped=0    rescued=0    ignored=0   
